[debug] [2018-05-11T20:34:03.992Z] ----------------------------------------------------------------------
[debug] [2018-05-11T20:34:03.994Z] Command:       /usr/local/bin/node /usr/local/bin/firebase deploy --only functions
[debug] [2018-05-11T20:34:03.994Z] CLI Version:   3.18.4
[debug] [2018-05-11T20:34:03.994Z] Platform:      darwin
[debug] [2018-05-11T20:34:03.994Z] Node Version:  v9.4.0
[debug] [2018-05-11T20:34:03.995Z] Time:          Fri May 11 2018 16:34:03 GMT-0400 (EDT)
[debug] [2018-05-11T20:34:03.995Z] ----------------------------------------------------------------------
[debug] 
[debug] [2018-05-11T20:34:04.007Z] > command requires scopes: ["email","openid","https://www.googleapis.com/auth/cloudplatformprojects.readonly","https://www.googleapis.com/auth/firebase","https://www.googleapis.com/auth/cloud-platform"]
[debug] [2018-05-11T20:34:04.007Z] > authorizing via signed-in user
[debug] [2018-05-11T20:34:04.009Z] >>> HTTP REQUEST GET https://admin.firebase.com/v1/projects/lazhack7-3b615  
  
 Fri May 11 2018 16:34:04 GMT-0400 (EDT)
[debug] [2018-05-11T20:34:04.261Z] <<< HTTP RESPONSE 200
[debug] [2018-05-11T20:34:04.262Z] >>> HTTP REQUEST GET https://admin.firebase.com/v1/database/lazhack7-3b615/tokens  
  
 Fri May 11 2018 16:34:04 GMT-0400 (EDT)
[debug] [2018-05-11T20:34:04.764Z] <<< HTTP RESPONSE 200
[warn] ⚠  functions: package.json indicates an outdated version of firebase-functions.
 Please upgrade using npm install --save firebase-functions@latest in your functions directory.
[warn] ⚠  functions: Please note that there will be breaking changes when you upgrade.
 Go to https://firebase.google.com/docs/functions/beta-v1-diff to learn more.
[info] 
[info] === Deploying to 'lazhack7-3b615'...
[info] 
[info] i  deploying functions
[debug] [2018-05-11T20:34:06.878Z] > [functions] package.json contents: {
  "name": "functions",
  "description": "Cloud Functions for Firebase",
  "scripts": {
    "serve": "firebase serve --only functions",
    "shell": "firebase experimental:functions:shell",
    "start": "npm run shell",
    "deploy": "firebase deploy --only functions",
    "logs": "firebase functions:log"
  },
  "dependencies": {
    "firebase-admin": "~5.8.1",
    "firebase-functions": "^0.8.1",
    "pgnToJSON": "0.0.7",
    "request": "^2.85.0"
  },
  "private": true
}
[info] i  functions: ensuring necessary APIs are enabled...
[debug] [2018-05-11T20:34:06.879Z] >>> HTTP REQUEST GET https://servicemanagement.googleapis.com/v1/services/cloudfunctions.googleapis.com/projectSettings/lazhack7-3b615?view=CONSUMER_VIEW  
  
 Fri May 11 2018 16:34:06 GMT-0400 (EDT)
[debug] [2018-05-11T20:34:06.879Z] >>> HTTP REQUEST GET https://servicemanagement.googleapis.com/v1/services/runtimeconfig.googleapis.com/projectSettings/lazhack7-3b615?view=CONSUMER_VIEW  
  
 Fri May 11 2018 16:34:06 GMT-0400 (EDT)
[debug] [2018-05-11T20:34:07.601Z] <<< HTTP RESPONSE 200
[debug] [2018-05-11T20:34:07.614Z] <<< HTTP RESPONSE 200
[info] ✔  functions: all necessary APIs are enabled
[debug] [2018-05-11T20:34:07.615Z] >>> HTTP REQUEST GET https://cloudresourcemanager.googleapis.com/v1/projects/lazhack7-3b615  
  
 Fri May 11 2018 16:34:07 GMT-0400 (EDT)
[debug] [2018-05-11T20:34:07.868Z] <<< HTTP RESPONSE 200
[debug] [2018-05-11T20:34:07.869Z] >>> HTTP REQUEST GET https://mobilesdk-pa.googleapis.com/v1/projects/95900897913:getServerAppConfig  
  
 Fri May 11 2018 16:34:07 GMT-0400 (EDT)
[debug] [2018-05-11T20:34:08.212Z] <<< HTTP RESPONSE 200
[info] i  functions: preparing functions directory for uploading...
[debug] [2018-05-11T20:34:08.215Z] >>> HTTP REQUEST GET https://runtimeconfig.googleapis.com/v1beta1/projects/lazhack7-3b615/configs  
  
 Fri May 11 2018 16:34:08 GMT-0400 (EDT)
[debug] [2018-05-11T20:34:08.420Z] <<< HTTP RESPONSE 200
[info] i  functions: packaged functions (32.34 KB) for uploading
[debug] [2018-05-11T20:34:08.817Z] >>> HTTP REQUEST POST https://cloudfunctions.googleapis.com/v1/projects/lazhack7-3b615/locations/us-central1/functions:generateUploadUrl  
  
 Fri May 11 2018 16:34:08 GMT-0400 (EDT)
[debug] [2018-05-11T20:34:09.244Z] <<< HTTP RESPONSE 200
[debug] [2018-05-11T20:34:09.245Z] >>> HTTP REQUEST PUT https://storage.googleapis.com/gcf-upload-us-central1-88ab24f7-a518-4036-97bd-fb134e2dbe0e/67535bd3-a0c5-426f-a628-7dfc16257d86.zip?GoogleAccessId=95900897913@cloudservices.gserviceaccount.com&Expires=1526072649&Signature=LN%2F11s7gLpCiPrfiUfhdgd8eUnQWZOU9IyzZgRclFVyPOzT2ZXf9N4V7kpoWamPEXQK%2F1Vz7N1RThInE0eyiN%2BuvnrTeeXB3lnKSeRM1%2B8CGOpJ%2B4an%2FVasdXYvSKtKPRWCsuCNWKRUWqcAKAvOJLn6A9%2BvGNbciYaDvR9MrcAMr0AQ6OJiDqiVfUUshSrj%2Fde4TxHW6xnDvOhEVrW01VVUS89tF%2B3fATZQzNRMBqHe%2Bh53p1IFdJzwZaepsEPfjbaK1zi%2B%2Fk5ptozZh%2FBoCRj6QR%2B6M%2FUeH5yRFsfFVJTvRXjpxUVNZRgxKDoHEANxs%2BY357lLe5SVmK%2BYQ4oUtQw%3D%3D  
 ReadStream {
  _readableState: 
   ReadableState {
     objectMode: false,
     highWaterMark: 65536,
     buffer: BufferList { head: [Object], tail: [Object], length: 1 },
     length: 33118,
     pipes: null,
     pipesCount: 0,
     flowing: null,
     ended: true,
     endEmitted: false,
     reading: false,
     sync: false,
     needReadable: false,
     emittedReadable: true,
     readableListening: false,
     resumeScheduled: false,
     destroyed: false,
     defaultEncoding: 'utf8',
     awaitDrain: 0,
     readingMore: false,
     decoder: null,
     encoding: null },
  readable: true,
  domain: null,
  _events: { end: [Function] },
  _eventsCount: 1,
  _maxListeners: undefined,
  path: '/var/folders/qf/0xknxwf94xv0cdgrqrjy77s00000gn/T/firebase-functions-4228odd6G4au942h.zip',
  fd: 20,
  flags: 'r',
  mode: 438,
  start: undefined,
  end: undefined,
  autoClose: true,
  pos: undefined,
  bytesRead: 33118,
  closed: false } 
 Fri May 11 2018 16:34:09 GMT-0400 (EDT)
[debug] [2018-05-11T20:34:09.987Z] <<< HTTP RESPONSE 200
[info] ✔  functions: functions folder uploaded successfully
[debug] [2018-05-11T20:34:09.990Z] >>> HTTP REQUEST GET https://cloudfunctions.googleapis.com/v1/projects/lazhack7-3b615/locations/us-central1/functions  
  
 Fri May 11 2018 16:34:09 GMT-0400 (EDT)
[debug] [2018-05-11T20:34:10.509Z] <<< HTTP RESPONSE 200
[info] i  functions: updating function games...
[debug] [2018-05-11T20:34:10.513Z] Trigger is:  {"httpsTrigger":{}}
[debug] [2018-05-11T20:34:10.516Z] >>> HTTP REQUEST PATCH https://cloudfunctions.googleapis.com/v1/projects/lazhack7-3b615/locations/us-central1/functions/games 
query params: {"updateMask":"sourceUploadUrl,name,labels,httpsTrigger"} 
 { sourceUploadUrl: 'https://storage.googleapis.com/gcf-upload-us-central1-88ab24f7-a518-4036-97bd-fb134e2dbe0e/67535bd3-a0c5-426f-a628-7dfc16257d86.zip?GoogleAccessId=95900897913@cloudservices.gserviceaccount.com&Expires=1526072649&Signature=LN%2F11s7gLpCiPrfiUfhdgd8eUnQWZOU9IyzZgRclFVyPOzT2ZXf9N4V7kpoWamPEXQK%2F1Vz7N1RThInE0eyiN%2BuvnrTeeXB3lnKSeRM1%2B8CGOpJ%2B4an%2FVasdXYvSKtKPRWCsuCNWKRUWqcAKAvOJLn6A9%2BvGNbciYaDvR9MrcAMr0AQ6OJiDqiVfUUshSrj%2Fde4TxHW6xnDvOhEVrW01VVUS89tF%2B3fATZQzNRMBqHe%2Bh53p1IFdJzwZaepsEPfjbaK1zi%2B%2Fk5ptozZh%2FBoCRj6QR%2B6M%2FUeH5yRFsfFVJTvRXjpxUVNZRgxKDoHEANxs%2BY357lLe5SVmK%2BYQ4oUtQw%3D%3D',
  name: 'projects/lazhack7-3b615/locations/us-central1/functions/games',
  labels: { 'deployment-tool': 'cli-firebase' },
  httpsTrigger: {} } 
 Fri May 11 2018 16:34:10 GMT-0400 (EDT)
[debug] [2018-05-11T20:34:11.031Z] <<< HTTP RESPONSE 200
[debug] [2018-05-11T20:34:11.034Z] >>> HTTP REQUEST GET https://cloudfunctions.googleapis.com/v1/projects/lazhack7-3b615/locations/us-central1/functions  
  
 Fri May 11 2018 16:34:11 GMT-0400 (EDT)
[debug] [2018-05-11T20:34:11.449Z] <<< HTTP RESPONSE 200
[debug] [2018-05-11T20:34:11.454Z] >>> HTTP REQUEST GET https://cloudfunctions.googleapis.com/v1/operations/bGF6aGFjazctM2I2MTUvdXMtY2VudHJhbDEvZ2FtZXMvTkxZMVcteGloSUE  
  
 Fri May 11 2018 16:34:11 GMT-0400 (EDT)
[debug] [2018-05-11T20:34:11.842Z] <<< HTTP RESPONSE 200
[debug] [2018-05-11T20:34:13.847Z] >>> HTTP REQUEST GET https://cloudfunctions.googleapis.com/v1/operations/bGF6aGFjazctM2I2MTUvdXMtY2VudHJhbDEvZ2FtZXMvTkxZMVcteGloSUE  
  
 Fri May 11 2018 16:34:13 GMT-0400 (EDT)
[debug] [2018-05-11T20:34:14.270Z] <<< HTTP RESPONSE 200
[debug] [2018-05-11T20:34:16.276Z] >>> HTTP REQUEST GET https://cloudfunctions.googleapis.com/v1/operations/bGF6aGFjazctM2I2MTUvdXMtY2VudHJhbDEvZ2FtZXMvTkxZMVcteGloSUE  
  
 Fri May 11 2018 16:34:16 GMT-0400 (EDT)
[debug] [2018-05-11T20:34:16.671Z] <<< HTTP RESPONSE 200
[debug] [2018-05-11T20:34:18.676Z] >>> HTTP REQUEST GET https://cloudfunctions.googleapis.com/v1/operations/bGF6aGFjazctM2I2MTUvdXMtY2VudHJhbDEvZ2FtZXMvTkxZMVcteGloSUE  
  
 Fri May 11 2018 16:34:18 GMT-0400 (EDT)
[debug] [2018-05-11T20:34:19.073Z] <<< HTTP RESPONSE 200
[debug] [2018-05-11T20:34:21.078Z] >>> HTTP REQUEST GET https://cloudfunctions.googleapis.com/v1/operations/bGF6aGFjazctM2I2MTUvdXMtY2VudHJhbDEvZ2FtZXMvTkxZMVcteGloSUE  
  
 Fri May 11 2018 16:34:21 GMT-0400 (EDT)
[debug] [2018-05-11T20:34:21.475Z] <<< HTTP RESPONSE 200
[debug] [2018-05-11T20:34:23.482Z] >>> HTTP REQUEST GET https://cloudfunctions.googleapis.com/v1/operations/bGF6aGFjazctM2I2MTUvdXMtY2VudHJhbDEvZ2FtZXMvTkxZMVcteGloSUE  
  
 Fri May 11 2018 16:34:23 GMT-0400 (EDT)
[debug] [2018-05-11T20:34:23.844Z] <<< HTTP RESPONSE 200
[debug] [2018-05-11T20:34:25.850Z] >>> HTTP REQUEST GET https://cloudfunctions.googleapis.com/v1/operations/bGF6aGFjazctM2I2MTUvdXMtY2VudHJhbDEvZ2FtZXMvTkxZMVcteGloSUE  
  
 Fri May 11 2018 16:34:25 GMT-0400 (EDT)
[debug] [2018-05-11T20:34:26.280Z] <<< HTTP RESPONSE 200
[debug] [2018-05-11T20:34:28.286Z] >>> HTTP REQUEST GET https://cloudfunctions.googleapis.com/v1/operations/bGF6aGFjazctM2I2MTUvdXMtY2VudHJhbDEvZ2FtZXMvTkxZMVcteGloSUE  
  
 Fri May 11 2018 16:34:28 GMT-0400 (EDT)
[debug] [2018-05-11T20:34:28.682Z] <<< HTTP RESPONSE 200
[debug] [2018-05-11T20:34:30.688Z] >>> HTTP REQUEST GET https://cloudfunctions.googleapis.com/v1/operations/bGF6aGFjazctM2I2MTUvdXMtY2VudHJhbDEvZ2FtZXMvTkxZMVcteGloSUE  
  
 Fri May 11 2018 16:34:30 GMT-0400 (EDT)
